2025-07-18T05:51:29+02:00	register_success	{"username":"admin","ip":"::1"}
2025-07-18T05:51:31+02:00	login_success	{"username":"admin","ip":"::1"}
2025-07-18T05:51:31+02:00	profile_view	{"user_id":1,"ip":"::1"}
2025-07-18T05:51:37+02:00	feedback_sent	{"user_id":1,"ip":"::1"}
2025-07-18T05:51:40+02:00	profile_view	{"user_id":1,"ip":"::1"}
2025-07-18T05:51:54+02:00	profile_view	{"user_id":1,"ip":"::1"}
2025-07-18T05:53:30+02:00	login_fail	{"username":"пыва","ip":"::1"}
2025-07-18T05:53:31+02:00	login_fail	{"username":"в","ip":"::1"}
2025-07-18T05:53:32+02:00	login_fail	{"username":"в","ip":"::1"}
2025-07-18T05:53:32+02:00	login_fail	{"username":"ыф","ip":"::1"}
2025-07-18T05:53:33+02:00	login_fail	{"username":"в","ip":"::1"}
2025-07-18T05:53:34+02:00	login_fail	{"username":"ф","ip":"::1"}
2025-07-18T05:53:34+02:00	login_fail	{"username":"в","ip":"::1"}
2025-07-18T05:53:34+02:00	login_fail	{"username":"в","ip":"::1"}
2025-07-18T05:53:35+02:00	login_fail	{"username":"в","ip":"::1"}
2025-07-18T05:53:36+02:00	login_fail	{"username":"фвы","ip":"::1"}
2025-07-18T05:53:37+02:00	login_fail	{"username":"фвы","ip":"::1"}
2025-07-18T05:53:37+02:00	login_fail	{"username":"вфы","ip":"::1"}
2025-07-18T05:53:38+02:00	login_fail	{"username":"выф","ip":"::1"}
2025-07-18T05:53:38+02:00	login_fail	{"username":"ыф","ip":"::1"}
2025-07-18T05:53:39+02:00	login_fail	{"username":"выф","ip":"::1"}
2025-07-18T05:53:39+02:00	login_fail	{"username":"вфы","ip":"::1"}
2025-07-18T05:53:40+02:00	login_fail	{"username":"ывф","ip":"::1"}
2025-07-18T05:53:40+02:00	login_fail	{"username":"ывф","ip":"::1"}
2025-07-18T05:53:41+02:00	login_fail	{"username":"ывф","ip":"::1"}
2025-07-18T05:53:41+02:00	login_fail	{"username":"в","ip":"::1"}
2025-07-18T05:53:42+02:00	login_fail	{"username":"выф","ip":"::1"}
2025-07-18T05:53:42+02:00	login_fail	{"username":"вфы","ip":"::1"}
2025-07-18T05:53:43+02:00	login_fail	{"username":"вф","ip":"::1"}
2025-07-18T05:53:44+02:00	login_fail	{"username":"вы","ip":"::1"}
2025-07-18T05:53:44+02:00	login_fail	{"username":"в","ip":"::1"}
2025-07-18T05:53:45+02:00	login_fail	{"username":"ыф","ip":"::1"}
2025-07-18T05:53:45+02:00	login_fail	{"username":"фы","ip":"::1"}
2025-07-18T05:54:43+02:00	login_fail	{"username":"admin","ip":"::1"}
2025-07-18T05:54:54+02:00	login_fail	{"username":"admin' --","ip":"::1"}
2025-07-18T06:12:55+02:00	login_success	{"username":"admin","ip":"::1"}
2025-07-18T06:12:55+02:00	profile_view	{"user_id":1,"ip":"::1"}
2025-07-18T06:12:59+02:00	feedback_sent	{"user_id":1,"ip":"::1"}
2025-07-18T06:13:01+02:00	profile_view	{"user_id":1,"ip":"::1"}
